<?xml version="1.0" encoding="UTF-8"?>
<robot generator="Rebot 5.0.1 (Python 3.10.5 on win32)" generated="20220801 11:19:32.629" rpa="false" schemaversion="3">
<suite id="s1" name="Depends On Testcase Execution" source="C:\RobotFramework\UI_Test\Depends_On_Testcase_Execution.robot">
<test id="s1-t1" name="Login_To_OrangeHRM" line="8">
<kw name="Open Browser" library="SeleniumLibrary">
<arg>https://opensource-demo.orangehrmlive.com/ chrome</arg>
<doc>Opens a new browser instance to the optional ``url``.</doc>
<msg timestamp="20220801 11:19:31.397" level="INFO">Opening browser 'firefox' to base url 'https://opensource-demo.orangehrmlive.com/ chrome'.</msg>
<msg timestamp="20220801 11:19:31.398" level="INFO">Firefox driver log is always forced to to: C:\RobotFramework\UI_Test\Results4\pabot_results\0\geckodriver-1.log</msg>
<msg timestamp="20220801 11:19:31.408" level="INFO">Cannot capture screenshot because no browser is open.</msg>
<msg timestamp="20220801 11:19:31.409" level="FAIL">WebDriverException: Message: 'geckodriver' executable needs to be in PATH. 
</msg>
<status status="FAIL" starttime="20220801 11:19:31.396" endtime="20220801 11:19:31.412"/>
</kw>
<kw name="Maximize Browser Window" library="SeleniumLibrary">
<doc>Maximizes current browser window.</doc>
<status status="NOT RUN" starttime="20220801 11:19:31.412" endtime="20220801 11:19:31.413"/>
</kw>
<kw name="Input Text" library="SeleniumLibrary">
<arg>xpath=//input[@id='txtUsername']</arg>
<arg>Admin</arg>
<doc>Types the given ``text`` into the text field identified by ``locator``.</doc>
<status status="NOT RUN" starttime="20220801 11:19:31.413" endtime="20220801 11:19:31.413"/>
</kw>
<kw name="Input Text" library="SeleniumLibrary">
<arg>name=txtPassword</arg>
<arg>admin123</arg>
<doc>Types the given ``text`` into the text field identified by ``locator``.</doc>
<status status="NOT RUN" starttime="20220801 11:19:31.413" endtime="20220801 11:19:31.413"/>
</kw>
<kw name="Click Button" library="SeleniumLibrary">
<arg>css=input[id='btnLogin']</arg>
<doc>Clicks the button identified by ``locator``.</doc>
<status status="NOT RUN" starttime="20220801 11:19:31.413" endtime="20220801 11:19:31.414"/>
</kw>
<kw name="Page Should Contain Link" library="SeleniumLibrary">
<arg>Dashboard</arg>
<arg>timeout=5</arg>
<doc>Verifies link identified by ``locator`` is found from current page.</doc>
<status status="NOT RUN" starttime="20220801 11:19:31.414" endtime="20220801 11:19:31.414"/>
</kw>
<status status="FAIL" starttime="20220801 11:19:31.394" endtime="20220801 11:19:31.415">WebDriverException: Message: 'geckodriver' executable needs to be in PATH. 
</status>
</test>
<test id="s1-t2" name="AddButton" line="18">
<kw name="Depends On Test" library="DependencyLibrary">
<arg>Login_To_OrangeHRM</arg>
<msg timestamp="20220801 11:19:31.404" level="FAIL">Dependency not met: test case 'Login_To_OrangeHRM' not found.</msg>
<status status="FAIL" starttime="20220801 11:19:31.403" endtime="20220801 11:19:31.405"/>
</kw>
<kw name="Mouse Over link=Admin">
<status status="NOT RUN" starttime="20220801 11:19:31.410" endtime="20220801 11:19:31.410"/>
</kw>
<kw name="Sleep" library="BuiltIn">
<arg>2s</arg>
<doc>Pauses the test executed for the given time.</doc>
<status status="NOT RUN" starttime="20220801 11:19:31.410" endtime="20220801 11:19:31.410"/>
</kw>
<kw name="Mouse Over link=User Management">
<status status="NOT RUN" starttime="20220801 11:19:31.414" endtime="20220801 11:19:31.415"/>
</kw>
<kw name="Click Link link=Users">
<status status="NOT RUN" starttime="20220801 11:19:31.419" endtime="20220801 11:19:31.419"/>
</kw>
<kw name="Click Button" library="SeleniumLibrary">
<arg>name=btnAdd</arg>
<doc>Clicks the button identified by ``locator``.</doc>
<status status="NOT RUN" starttime="20220801 11:19:31.419" endtime="20220801 11:19:31.419"/>
</kw>
<status status="FAIL" starttime="20220801 11:19:31.400" endtime="20220801 11:19:31.420">Dependency not met: test case 'Login_To_OrangeHRM' not found.</status>
</test>
<test id="s1-t3" name="AddUser" line="26">
<kw name="Depends On Test" library="DependencyLibrary">
<arg>AddButton</arg>
<msg timestamp="20220801 11:19:31.398" level="FAIL">Dependency not met: test case 'AddButton' not found.</msg>
<status status="FAIL" starttime="20220801 11:19:31.397" endtime="20220801 11:19:31.399"/>
</kw>
<kw name="Generate Random String" library="String">
<var>${random_num}</var>
<doc>Generates a string with a desired ``length`` from the given ``chars``.</doc>
<status status="NOT RUN" starttime="20220801 11:19:31.399" endtime="20220801 11:19:31.400"/>
</kw>
<kw name="Catenate" library="BuiltIn">
<var>${empname}</var>
<arg>SEPARATOR=</arg>
<arg>Abhi</arg>
<arg>${random_num}</arg>
<doc>Catenates the given items together and returns the resulted string.</doc>
<status status="NOT RUN" starttime="20220801 11:19:31.400" endtime="20220801 11:19:31.400"/>
</kw>
<kw name="Log To Console" library="BuiltIn">
<arg>${empname}</arg>
<doc>Logs the given message to the console.</doc>
<status status="NOT RUN" starttime="20220801 11:19:31.400" endtime="20220801 11:19:31.400"/>
</kw>
<kw name="Set Global Variable" library="BuiltIn">
<arg>${empname}</arg>
<doc>Makes a variable available globally in all tests and suites.</doc>
<status status="NOT RUN" starttime="20220801 11:19:31.400" endtime="20220801 11:19:31.401"/>
</kw>
<kw name="Select From List By Label" library="SeleniumLibrary">
<arg>id=systemUser_userType</arg>
<arg>Admin</arg>
<doc>Selects options from selection list ``locator`` by ``labels``.</doc>
<status status="NOT RUN" starttime="20220801 11:19:31.401" endtime="20220801 11:19:31.401"/>
</kw>
<kw name="Input Text" library="SeleniumLibrary">
<arg>id=systemUser_employeeName_empName</arg>
<arg>Fiona Grace</arg>
<doc>Types the given ``text`` into the text field identified by ``locator``.</doc>
<status status="NOT RUN" starttime="20220801 11:19:31.401" endtime="20220801 11:19:31.401"/>
</kw>
<kw name="Input Text" library="SeleniumLibrary">
<arg>id=systemUser_userName</arg>
<arg>${empname}</arg>
<doc>Types the given ``text`` into the text field identified by ``locator``.</doc>
<status status="NOT RUN" starttime="20220801 11:19:31.402" endtime="20220801 11:19:31.402"/>
</kw>
<kw name="Select From List By Value" library="SeleniumLibrary">
<arg>id=systemUser_status</arg>
<arg>1</arg>
<doc>Selects options from selection list ``locator`` by ``values``.</doc>
<status status="NOT RUN" starttime="20220801 11:19:31.402" endtime="20220801 11:19:31.402"/>
</kw>
<kw name="Input Text" library="SeleniumLibrary">
<arg>id=systemUser_password</arg>
<arg>admin123</arg>
<doc>Types the given ``text`` into the text field identified by ``locator``.</doc>
<status status="NOT RUN" starttime="20220801 11:19:31.402" endtime="20220801 11:19:31.402"/>
</kw>
<kw name="Input Text" library="SeleniumLibrary">
<arg>id=systemUser_confirmPassword</arg>
<arg>admin123</arg>
<doc>Types the given ``text`` into the text field identified by ``locator``.</doc>
<status status="NOT RUN" starttime="20220801 11:19:31.403" endtime="20220801 11:19:31.403"/>
</kw>
<kw name="Click Button" library="SeleniumLibrary">
<arg>id=btnSave1</arg>
<doc>Clicks the button identified by ``locator``.</doc>
<status status="NOT RUN" starttime="20220801 11:19:31.403" endtime="20220801 11:19:31.403"/>
</kw>
<kw name="Sleep" library="BuiltIn">
<arg>5s</arg>
<doc>Pauses the test executed for the given time.</doc>
<status status="NOT RUN" starttime="20220801 11:19:31.403" endtime="20220801 11:19:31.403"/>
</kw>
<status status="FAIL" starttime="20220801 11:19:31.394" endtime="20220801 11:19:31.404">Dependency not met: test case 'AddButton' not found.</status>
</test>
<test id="s1-t4" name="VerifyUser" line="41">
<kw name="Depends On Test" library="DependencyLibrary">
<arg>AddUser</arg>
<msg timestamp="20220801 11:19:32.293" level="FAIL">Dependency not met: test case 'AddUser' not found.</msg>
<status status="FAIL" starttime="20220801 11:19:32.292" endtime="20220801 11:19:32.294"/>
</kw>
<kw name="Table Should Contain" library="SeleniumLibrary">
<arg>xpath=//table[@id='resultTable']</arg>
<arg>${empname}</arg>
<doc>Verifies table contains text ``expected``.</doc>
<status status="NOT RUN" starttime="20220801 11:19:32.294" endtime="20220801 11:19:32.294"/>
</kw>
<kw name="Sleep" library="BuiltIn">
<arg>5s</arg>
<doc>Pauses the test executed for the given time.</doc>
<status status="NOT RUN" starttime="20220801 11:19:32.295" endtime="20220801 11:19:32.295"/>
</kw>
<status status="FAIL" starttime="20220801 11:19:32.291" endtime="20220801 11:19:32.295">Dependency not met: test case 'AddUser' not found.</status>
</test>
<test id="s1-t5" name="DeleteUser" line="46">
<kw name="Depends On Test" library="DependencyLibrary">
<arg>VerifyUser</arg>
<msg timestamp="20220801 11:19:32.293" level="FAIL">Dependency not met: test case 'VerifyUser' not found.</msg>
<status status="FAIL" starttime="20220801 11:19:32.292" endtime="20220801 11:19:32.294"/>
</kw>
<kw name="Click Element" library="SeleniumLibrary">
<arg>xpath=//a[normalize-space()='${empname}']//parent::td/../td/input</arg>
<doc>Click the element identified by ``locator``.</doc>
<status status="NOT RUN" starttime="20220801 11:19:32.294" endtime="20220801 11:19:32.294"/>
</kw>
<kw name="Sleep" library="BuiltIn">
<arg>5s</arg>
<doc>Pauses the test executed for the given time.</doc>
<status status="NOT RUN" starttime="20220801 11:19:32.294" endtime="20220801 11:19:32.294"/>
</kw>
<kw name="Click Element" library="SeleniumLibrary">
<arg>id=btnDelete</arg>
<doc>Click the element identified by ``locator``.</doc>
<status status="NOT RUN" starttime="20220801 11:19:32.295" endtime="20220801 11:19:32.295"/>
</kw>
<kw name="Sleep" library="BuiltIn">
<arg>2s</arg>
<doc>Pauses the test executed for the given time.</doc>
<status status="NOT RUN" starttime="20220801 11:19:32.295" endtime="20220801 11:19:32.295"/>
</kw>
<kw name="Click Element" library="SeleniumLibrary">
<arg>id=dialogDeleteBtn</arg>
<doc>Click the element identified by ``locator``.</doc>
<status status="NOT RUN" starttime="20220801 11:19:32.295" endtime="20220801 11:19:32.295"/>
</kw>
<kw name="Sleep" library="BuiltIn">
<arg>5s</arg>
<doc>Pauses the test executed for the given time.</doc>
<status status="NOT RUN" starttime="20220801 11:19:32.295" endtime="20220801 11:19:32.296"/>
</kw>
<status status="FAIL" starttime="20220801 11:19:32.290" endtime="20220801 11:19:32.296">Dependency not met: test case 'VerifyUser' not found.</status>
</test>
<test id="s1-t6" name="Close Browser at end" line="57">
<kw name="Close Browser" library="SeleniumLibrary">
<doc>Closes the current browser.</doc>
<status status="PASS" starttime="20220801 11:19:32.297" endtime="20220801 11:19:32.298"/>
</kw>
<status status="PASS" starttime="20220801 11:19:32.295" endtime="20220801 11:19:32.298"/>
</test>
<doc>Suite description</doc>
<status status="FAIL" starttime="20220801 11:19:31.121" endtime="20220801 11:19:32.299"/>
</suite>
<statistics>
<total>
<stat pass="1" fail="5" skip="0">All Tests</stat>
</total>
<tag>
</tag>
<suite>
<stat pass="1" fail="5" skip="0" id="s1" name="Depends On Testcase Execution">Depends On Testcase Execution</stat>
</suite>
</statistics>
<errors>
</errors>
</robot>
